0 info it worked if it ends with ok
1 verbose cli [
1 verbose cli   'C:\\Program Files\\nodejs\\node.exe',
1 verbose cli   'C:\\Program Files\\nodejs\\node_modules\\npm\\bin\\npm-cli.js',
1 verbose cli   'run',
1 verbose cli   'serve'
1 verbose cli ]
2 info using npm@6.12.0
3 info using node@v12.13.0
4 verbose run-script [ 'preserve', 'serve', 'postserve' ]
5 info lifecycle front@0.1.0~preserve: front@0.1.0
6 info lifecycle front@0.1.0~serve: front@0.1.0
7 verbose lifecycle front@0.1.0~serve: unsafe-perm in lifecycle true
8 verbose lifecycle front@0.1.0~serve: PATH: C:\Program Files\nodejs\node_modules\npm\node_modules\npm-lifecycle\node-gyp-bin;C:\Users\stone\Desktop\IntegrationTestCover\frontend\front\node_modules\.bin;C:\windows\system32;C:\windows;C:\windows\System32\Wbem;C:\windows\System32\WindowsPowerShell\v1.0\;C:\windows\System32\OpenSSH\;C:\Program Files\Git\cmd;C:\Program Files\Java\jdk-13.0.1\bin;C:\Program Files\Java\jdk-13.0.1\jre\bin;C:\Program Files\nodejs\;C:\Program Files\TortoiseGit\bin;C:\Users\stone;C:\Program Files (x86)\Dev-Cpp\MinGW64\bin;C:\Users\stone\AppData\Local\Microsoft\WindowsApps;C:\Program Files\nodejs\node_global;;C:\Users\stone\AppData\Local\Programs\Microsoft VS Code\bin
9 verbose lifecycle front@0.1.0~serve: CWD: C:\Users\stone\Desktop\IntegrationTestCover\frontend\front
10 silly lifecycle front@0.1.0~serve: Args: [ '/d /s /c', 'vue-cli-service serve' ]
11 silly lifecycle front@0.1.0~serve: Returned: code: 1  signal: null
12 info lifecycle front@0.1.0~serve: Failed to exec serve script
13 verbose stack Error: front@0.1.0 serve: `vue-cli-service serve`
13 verbose stack Exit status 1
13 verbose stack     at EventEmitter.<anonymous> (C:\Program Files\nodejs\node_modules\npm\node_modules\npm-lifecycle\index.js:332:16)
13 verbose stack     at EventEmitter.emit (events.js:210:5)
13 verbose stack     at ChildProcess.<anonymous> (C:\Program Files\nodejs\node_modules\npm\node_modules\npm-lifecycle\lib\spawn.js:55:14)
13 verbose stack     at ChildProcess.emit (events.js:210:5)
13 verbose stack     at maybeClose (internal/child_process.js:1021:16)
13 verbose stack     at Process.ChildProcess._handle.onexit (internal/child_process.js:283:5)
14 verbose pkgid front@0.1.0
15 verbose cwd C:\Users\stone\Desktop\IntegrationTestCover\frontend\front
16 verbose Windows_NT 10.0.17763
17 verbose argv "C:\\Program Files\\nodejs\\node.exe" "C:\\Program Files\\nodejs\\node_modules\\npm\\bin\\npm-cli.js" "run" "serve"
18 verbose node v12.13.0
19 verbose npm  v6.12.0
20 error code ELIFECYCLE
21 error errno 1
22 error front@0.1.0 serve: `vue-cli-service serve`
22 error Exit status 1
23 error Failed at the front@0.1.0 serve script.
23 error This is probably not a problem with npm. There is likely additional logging output above.
24 verbose exit [ 1, true ]
